<?xml version="1.0" encoding="UTF-8"?>
<testsuite xmlns:xsi="http://www.w3.org/2001/XMLSchema-instance" xsi:noNamespaceSchemaLocation="https://maven.apache.org/surefire/maven-surefire-plugin/xsd/surefire-test-report.xsd" name="com.example.StudentAnalyzerTest" time="0.034" tests="14" errors="0" skipped="0" failures="0">
  <properties>
[...]
</properties>
  <testcase name="testCalculateValidAverage_AllInvalid" classname="com.example.StudentAnalyzerTest" time="0.019"/>
  <testcase name="testCountExcellentStudents_BoundaryValues" classname="com.example.StudentAnalyzerTest" time="0"/>
  <testcase name="testCalculateValidAverage_SingleValid" classname="com.example.StudentAnalyzerTest" time="0.001"/>
  <testcase name="testCountExcellentStudents_AllValid" classname="com.example.StudentAnalyzerTest" time="0"/>
  <testcase name="testCalculateValidAverage_AllValid" classname="com.example.StudentAnalyzerTest" time="0"/>
  <testcase name="testCountExcellentStudents_NullList" classname="com.example.StudentAnalyzerTest" time="0.001"/>
  <testcase name="testCalculateValidAverage_EmptyList" classname="com.example.StudentAnalyzerTest" time="0"/>
  <testcase name="testCalculateValidAverage_NullList" classname="com.example.StudentAnalyzerTest" time="0.001"/>
  <testcase name="testCountExcellentStudents_NormalCase" classname="com.example.StudentAnalyzerTest" time="0.001"/>
  <testcase name="testCountExcellentStudents_InvalidValues" classname="com.example.StudentAnalyzerTest" time="0.001"/>
  <testcase name="testCalculateValidAverage_BoundaryValues" classname="com.example.StudentAnalyzerTest" time="0"/>
  <testcase name="testCountExcellentStudents_NoExcellent" classname="com.example.StudentAnalyzerTest" time="0"/>
  <testcase name="testCountExcellentStudents_EmptyList" classname="com.example.StudentAnalyzerTest" time="0"/>
  <testcase name="testCalculateValidAverage_NormalCase" classname="com.example.StudentAnalyzerTest" time="0.001"/>
</testsuite>